2021-Feb-09 19:19:54.233227 INFO [daemon] fedoragold v2.1.8.1()
2021-Feb-09 19:19:54.234170 INFO [daemon] Module folder: ./fedoragold_daemon
2021-Feb-09 19:19:54.235870 INFO [daemon] Initializing p2p server...
2021-Feb-09 19:19:54.238237 INFO [node_server] Binding on 0.0.0.0:30158
2021-Feb-09 19:19:54.238350 INFO [node_server] Net service binded on 0.0.0.0:30158
2021-Feb-09 19:19:54.238382 INFO [node_server] Attempting to add IGD port mapping.
2021-Feb-09 19:19:58.263676 INFO [node_server] No IGD was found.
2021-Feb-09 19:19:58.263827 INFO [daemon] P2p server initialized OK
2021-Feb-09 19:19:58.263869 INFO [daemon] Initializing core...
2021-Feb-09 19:19:58.263902 INFO [core] Initialize memory pool...
2021-Feb-09 19:19:58.271037 INFO [core] Initialize block chain...
2021-Feb-09 19:19:58.375870 INFO [Blockchain] Loading blockchain...
2021-Feb-09 19:19:58.376429 INFO [BlockCacheSerializer] calling serialize for block cache load...
2021-Feb-09 19:19:58.377283 INFO [BlockCacheSerializer] - loading block index...
2021-Feb-09 19:19:59.843580 INFO [BlockCacheSerializer] - loading transaction map...
2021-Feb-09 19:20:00.983570 INFO [BlockCacheSerializer] - loading spent keys...
2021-Feb-09 19:20:09.288081 INFO [BlockCacheSerializer] - loading outputs...
2021-Feb-09 19:20:18.511072 INFO [BlockCacheSerializer] - loading multi-signature outputs...
2021-Feb-09 19:20:18.523861 INFO [BlockCacheSerializer] Serialization time: 20147ms
2021-Feb-09 19:20:18.526632 INFO [Blockchain] Loading blockchain indices for BlockchainExplorer...
2021-Feb-09 19:20:18.529998 INFO [BlockchainIndicesSerializer] - loading paymentID index...
2021-Feb-09 19:20:18.530138 INFO [BlockchainIndicesSerializer] - loading timestamp index...
2021-Feb-09 19:20:18.802332 INFO [BlockchainIndicesSerializer] - loading generated transactions index...
2021-Feb-09 19:20:18.802452 WARNING [Blockchain] Checking blocks...
2021-Feb-09 19:20:18.812673 INFO [Blockchain] checking genesis block
2021-Feb-09 19:20:18.813680 INFO [Blockchain] verifying checkpoints...
2021-Feb-09 19:20:18.820478 INFO [checkpoints] CHECKPOINT PASSED FOR HEIGHT 0 <c01db05b73a7bdb03cff6ce9b9104096523b542ee40944e7726c3f589eff618d>
2021-Feb-09 19:20:18.822812 INFO [checkpoints] CHECKPOINT PASSED FOR HEIGHT 1 <9fabc5641fe3f9333b60d1fc295975e790d6bf9876e9b48899b00b1c00d9dfbd>
2021-Feb-09 19:20:18.825778 INFO [checkpoints] CHECKPOINT PASSED FOR HEIGHT 1192156 <d4d514f0ebeecd9f0847f4357a3baaa133a73fd27a4837759d939d4f152197a0>
2021-Feb-09 19:20:18.828209 INFO [checkpoints] CHECKPOINT PASSED FOR HEIGHT 1192782 <728766de7334a5151e3d9f1cf3677e5284403b53d72a1b4f8d892580123578a6>
2021-Feb-09 19:20:18.829309 INFO [checkpoints] CHECKPOINT PASSED FOR HEIGHT 1192783 <33c8862c59fc65e1dea0e5e708437e2ae2284bca387e52cd627431d7ab00cf6b>
2021-Feb-09 19:20:18.832415 INFO [checkpoints] CHECKPOINT PASSED FOR HEIGHT 1192784 <e53958acc1414a66f187f45532126a4db4cf1dbc67c5066493d8f561034d2b2f>
2021-Feb-09 19:20:18.832670 INFO [checkpoints] CHECKPOINT PASSED FOR HEIGHT 1192785 <28ab24d976431e5cdedc33dbe612034688b43ba3fdcf9522cdaf4f09c2d44fa6>
2021-Feb-09 19:20:18.834717 INFO [checkpoints] CHECKPOINT PASSED FOR HEIGHT 1386085 <6d7be65f3d02a1c38782284b82d09be4a613ab7c216a1fc41f8767a3c7948ee8>
2021-Feb-09 19:20:18.836945 INFO [checkpoints] CHECKPOINT PASSED FOR HEIGHT 1391474 <1caab6ce6a4e52c09ae84da074359702ffae362acbda03a09d875d563e421a0e>
2021-Feb-09 19:20:18.838069 INFO [checkpoints] CHECKPOINT PASSED FOR HEIGHT 1391475 <ba660437996fdc103f9bb630536bb3d8b1689916f8370cac315eec95b4a1410d>
2021-Feb-09 19:20:18.841048 INFO [checkpoints] CHECKPOINT PASSED FOR HEIGHT 1410011 <4b42ebeff2876543858a9528244ba5bec4521572b7f6c692576e6814850a8e26>
2021-Feb-09 19:20:18.843725 INFO [checkpoints] CHECKPOINT PASSED FOR HEIGHT 1410477 <fcd10d86ece5633869e25c6e54d7525602d17f0c43c322ba44c89d7f440ce44a>
2021-Feb-09 19:20:18.843897 INFO [checkpoints] CHECKPOINT PASSED FOR HEIGHT 1410478 <94e49a37962f12b88d54de76a035254ef82e1a952e982569ea418c4f8b4539d6>
2021-Feb-09 19:20:18.845590 INFO [checkpoints] CHECKPOINT PASSED FOR HEIGHT 1412056 <16743416f33f6b923e268b693a89533860d2f80bdb30835bb5b34a401c14e9ef>
2021-Feb-09 19:20:18.856443 INFO [checkpoints] CHECKPOINT PASSED FOR HEIGHT 1414791 <e8b934217d40120d6ee47167fd39febf3c7286121c53cf4edf8ff7bb371b8522>
2021-Feb-09 19:20:18.857788 INFO [checkpoints] CHECKPOINT PASSED FOR HEIGHT 1415284 <ea812d907def2f7d41eba3ccab2851b58c924d703f485a3a4cfc0822b0bb12ce>
2021-Feb-09 19:20:18.859062 INFO [checkpoints] CHECKPOINT PASSED FOR HEIGHT 1418082 <db1a346269efcb3a2aff3e6a4aeb2c79a91abc33d85207d577c02b177b5156da>
2021-Feb-09 19:20:18.860016 INFO [checkpoints] CHECKPOINT PASSED FOR HEIGHT 1461743 <723955cf87a939652b03f4d66a1c1fe9f7cafb2e43fb3ac200b0a48787189f50>
2021-Feb-09 19:20:18.861311 INFO [checkpoints] CHECKPOINT PASSED FOR HEIGHT 1483325 <9cffd18845f94b7fd8a7a067732473e807c9a4abedbd952f72188a2bd6668639>
2021-Feb-09 19:20:18.862154 INFO [checkpoints] CHECKPOINT PASSED FOR HEIGHT 1561192 <c42dfb93904f41b411e3f003c6c0ec87fdae33a39496f8ab92d2e5e211554477>
2021-Feb-09 19:20:18.862208 INFO [checkpoints] CHECKPOINT PASSED FOR HEIGHT 1561193 <982d2347a78b5f6304cc1e4691dfdfb5f9aafd94d261ff732a617edb80526c86>
2021-Feb-09 19:20:18.863268 INFO [checkpoints] CHECKPOINT PASSED FOR HEIGHT 1572871 <25f4ac6a1432f5ad1a3ebfdc6b92a4903e4b794f0c58fd536a1d60b9c35d5217>
2021-Feb-09 19:20:18.863333 INFO [checkpoints] CHECKPOINT PASSED FOR HEIGHT 1572872 <0255ab0ac9eb09f7c98891a030fa6047340bab0c0e575d85e54c53b291a1ccd3>
2021-Feb-09 19:20:18.864970 INFO [checkpoints] CHECKPOINT PASSED FOR HEIGHT 1600182 <855343c2f5071a4247999233a6572db4d9754f9ffad403f6e1bc0de706f8df50>
2021-Feb-09 19:20:18.865801 INFO [checkpoints] CHECKPOINT PASSED FOR HEIGHT 1624996 <e814ac64a10eae90e18b6c5da3a10c75bd51c12cd1973e01b49df17b93cb76a7>
2021-Feb-09 19:20:18.866604 INFO [checkpoints] CHECKPOINT PASSED FOR HEIGHT 2140644 <5c264156e9df8648d0e1313be71647ee55afe9d5ebd530dc1146dbcf469b76c6>
2021-Feb-09 19:20:18.866650 INFO [checkpoints] CHECKPOINT PASSED FOR HEIGHT 2140645 <41588dca905c858454f79b44e58f773bfe66eafff66c42c67fc211fbd84b94ec>
2021-Feb-09 19:20:18.867479 INFO [checkpoints] CHECKPOINT PASSED FOR HEIGHT 2163935 <a924ca448707a025d428777778e130adf8dc9a9d3a018717ced6c98bab096b73>
2021-Feb-09 19:20:18.867533 INFO [checkpoints] CHECKPOINT PASSED FOR HEIGHT 2163936 <251e476e86b66a45623606ae5c690ace50d07dc4356be22add25cd8e9528d0bf>
2021-Feb-09 19:20:18.867927 INFO [checkpoints] CHECKPOINT PASSED FOR HEIGHT 2164043 <9b041e44b6a8b78eecb2ef24fc47e5ccfed63333fe6b98bb6ec298a241240686>
2021-Feb-09 19:20:18.867974 INFO [checkpoints] CHECKPOINT PASSED FOR HEIGHT 2164045 <bc181ea1429c8d5e50ca253fed2bf42aaea1c152c271a17a68a3435048685a0c>
2021-Feb-09 19:20:18.876243 INFO [checkpoints] CHECKPOINT PASSED FOR HEIGHT 2502350 <883ea69d5e7574c57d319156f3e6c41e005033ad2cfe0b5209e910b923c05327>
2021-Feb-09 19:20:18.879551 INFO [checkpoints] CHECKPOINT PASSED FOR HEIGHT 2776398 <7a3ffbb938d4d18d290f0bfe7b3a6de14abc2b7da5844e08b7688e110c3dda6d>
2021-Feb-09 19:20:18.879625 INFO [checkpoints] CHECKPOINT PASSED FOR HEIGHT 2776399 <11e3185bd558244cd7327e2540782ab786489c42908ddc3a71b874beca7d0cb0>
2021-Feb-09 19:20:18.881284 INFO [checkpoints] CHECKPOINT PASSED FOR HEIGHT 2782955 <31ca55792dfe1c02c3787f9a6a135cbbad110edd2b51e11f40289f1a57880cfc>
2021-Feb-09 19:20:18.883646 INFO [checkpoints] CHECKPOINT PASSED FOR HEIGHT 2795912 <67e2bf7db2db2ab53d1ae0e2d264167a80494660e8822088e5c3704293928288>
2021-Feb-09 19:20:18.883723 INFO [checkpoints] CHECKPOINT PASSED FOR HEIGHT 2795913 <8b5382f20faba345b6b80b0b8abeceab488d9a97bb096da6cc1781530a975cf8>
2021-Feb-09 19:20:18.883787 INFO [checkpoints] CHECKPOINT PASSED FOR HEIGHT 2795914 <c3ea9aa2509beaa5dba2efe920324e47020239b61a72ae7f0571b86cf553b881>
2021-Feb-09 19:20:18.886434 INFO [checkpoints] CHECKPOINT PASSED FOR HEIGHT 2804277 <50c9296eb23fb9efdd8250f0aef402b0e2e95f34e0192bb662d68ca40b609765>
2021-Feb-09 19:20:18.886559 INFO [Blockchain] size limit update...
2021-Feb-09 19:20:18.896871 INFO [Blockchain] Initialized, block: 2817824,  cur diff: 9881724
2021-Feb-09 19:20:18.896978 INFO [core] Miner state init...
2021-Feb-09 19:20:18.897011 INFO [daemon] Core initialized OK
2021-Feb-09 19:20:18.911419 INFO [daemon] Core on address 127.0.0.1:30159
2021-Feb-09 19:20:18.913474 INFO [daemon] Core rpc server started ok
2021-Feb-09 19:20:18.913530 INFO [daemon] Starting p2p net loop...
2021-Feb-09 19:20:18.914773 INFO [node_server] Starting node_server
2021-Feb-09 19:20:18.915018 INFO [node_server]   acceptLoop started...
2021-Feb-09 19:20:18.915052 INFO [node_server]   onIdle started...
2021-Feb-09 19:20:18.915083 INFO [node_server]   timedSyncLoop started...
2021-Feb-09 19:20:18.915109 INFO [node_server]   timeoutLoop started...
2021-Feb-09 19:20:18.915180 INFO [node_server] Stop signal sent
2021-Feb-09 19:20:18.916810 INFO [protocol] stopping CN protocol handler
2021-Feb-09 19:20:18.917166 INFO [node_server] Stopping NodeServer and its 0 connections...
2021-Feb-09 19:20:18.918300 INFO [node_server] NodeServer loop stopped
2021-Feb-09 19:20:18.918786 INFO [daemon] p2p net loop stopped
2021-Feb-09 19:20:19.043276 INFO [daemon] Stopping core rpc server...
2021-Feb-09 19:20:19.057385 INFO [daemon] Deinitializing core...
2021-Feb-09 19:20:19.057536 INFO [miner] Mining has been stopped, 0 finished
2021-Feb-09 19:20:19.063923 INFO [Blockchain] Saving blockchain...
2021-Feb-09 19:20:19.124440 INFO [BlockCacheSerializer] calling serialize for block cache save...
2021-Feb-09 19:20:19.125481 INFO [BlockCacheSerializer] - saving block index...
2021-Feb-09 19:20:36.966220 INFO [BlockCacheSerializer] - saving transaction map...
2021-Feb-09 19:20:51.364562 INFO [BlockCacheSerializer] - saving spent keys...
2021-Feb-09 19:22:28.763289 INFO [BlockCacheSerializer] - saving outputs...
2021-Feb-09 19:22:58.112005 INFO [BlockCacheSerializer] - saving multi-signature outputs...
2021-Feb-09 19:22:58.129140 INFO [BlockCacheSerializer] Serialization time: 159003ms
2021-Feb-09 19:22:58.129809 INFO [Blockchain] Saving blockchain indices...
2021-Feb-09 19:22:58.139069 INFO [BlockchainIndicesSerializer] - saving paymentID index...
2021-Feb-09 19:22:58.140275 INFO [BlockchainIndicesSerializer] - saving timestamp index...
2021-Feb-09 19:23:00.781918 INFO [BlockchainIndicesSerializer] - saving generated transactions index...
2021-Feb-09 19:23:00.797784 INFO [daemon] Deinitializing p2p...
2021-Feb-09 19:23:00.813330 INFO [daemon] p2p config has been serialized to disk...
2021-Feb-09 19:23:00.813757 INFO [daemon] exiting...
2021-Feb-09 19:23:01.900459 INFO [miner] Mining has been stopped, 0 finished
2021-Feb-09 19:23:38.658327 INFO [daemon] Node stopped.
